<?xml version="1.0" encoding="UTF-8"?>
<!-- Generated by org.testng.reporters.JUnitXMLReporter -->
<testsuite hostname="Imran" name="LoginFindTest" tests="3" failures="1" timestamp="20 Nov 2016 09:47:28 GMT" time="10.047" errors="0">
  <testcase name="@AfterClass closeDriver" time="0.0" classname="com.leads.test.web.FlightFinderTest">
    <failure type="java.lang.NullPointerException">
      <![CDATA[java.lang.NullPointerException
	at com.leads.test.web.FlightFinderTest.closeDriver(FlightFinderTest.java:40)
... Removed 24 stack frames]]>
    </failure>
  </testcase> <!-- @AfterClass closeDriver -->
  <testcase name="checkTitle" time="0.041" classname="com.leads.test.web.LoginTest"/>
  <testcase name="checkLogin" time="0.659" classname="com.leads.test.web.LoginTest"/>
  <testcase name="checkFlightFind" time="0.003" classname="com.leads.test.web.FlightFinderTest">
    <failure type="java.lang.NullPointerException">
      <![CDATA[java.lang.NullPointerException
	at com.leads.test.web.FlightFinderTest.checkFlightFind(FlightFinderTest.java:20)
... Removed 24 stack frames]]>
    </failure>
  </testcase> <!-- checkFlightFind -->
</testsuite> <!-- LoginFindTest -->
