<?xml version="1.0" encoding="UTF-8"?>
<!-- Generated by org.testng.reporters.JUnitXMLReporter -->
<testsuite hostname="Imran" name="Database Test" tests="6" failures="0" timestamp="20 Nov 2016 09:39:17 GMT" time="0.035" errors="0">
  <testcase name="tests" time="0.002" classname="com.leads.test.suite.TestConfig"/>
  <testcase name="testConnectionOMysql" time="0.002" classname="com.leads.test.suite.TestNgGroupTest"/>
  <testcase name="testConnectionOracle" time="0.001" classname="com.leads.test.suite.TestNgGroupTest"/>
  <testcase name="normalTest" time="0.002" classname="com.leads.test.suite.TestNgGroupTest"/>
  <testcase name="normalTest1" time="0.002" classname="com.leads.test.suite.TestNgGroupTest"/>
  <testcase name="finalTest" time="0.004" classname="com.leads.test.suite.TestNgGroupTest"/>
</testsuite> <!-- Database Test -->
