<?xml version="1.0" encoding="UTF-8"?>
<!-- Generated by org.testng.reporters.JUnitXMLReporter -->
<testsuite hostname="Imran" name="OrderTest" tests="5" failures="0" timestamp="20 Nov 2016 09:39:17 GMT" time="0.039" errors="0">
  <testcase name="tests" time="0.007" classname="com.leads.test.suite.TestConfig"/>
  <testcase name="testFindOrder" time="0.003" classname="com.leads.test.suite.TestOrder"/>
  <testcase name="testMakeEmptyOrder" time="0.002" classname="com.leads.test.suite.TestOrder"/>
  <testcase name="testMakeOrder" time="0.001" classname="com.leads.test.suite.TestOrder"/>
  <testcase name="testUpdateOrder" time="0.003" classname="com.leads.test.suite.TestOrder"/>
</testsuite> <!-- OrderTest -->
