<?xml version="1.0" encoding="UTF-8"?>
<!-- Generated by org.testng.reporters.JUnitXMLReporter -->
<testsuite hostname="DESKTOP-3FO0EUP" name="test" tests="4" failures="2" timestamp="7 Dec 2016 12:01:07 GMT" time="3.703" errors="0">
  <testcase name="checkLogin" time="1.192" classname="com.leads.test.web.LoginTest"/>
  <testcase name="checkTitle" time="0.02" classname="com.leads.test.web.LoginTest"/>
  <testcase name="checkFlightFind" time="0.086" classname="com.leads.test.web.FlightFinderTest">
    <failure type="java.lang.IllegalStateException" message="Cannot get a text value from a numeric cell">
      <![CDATA[java.lang.IllegalStateException: Cannot get a text value from a numeric cell
	at org.apache.poi.xssf.usermodel.XSSFCell.typeMismatch(XSSFCell.java:882)
	at org.apache.poi.xssf.usermodel.XSSFCell.getRichStringCellValue(XSSFCell.java:309)
	at org.apache.poi.xssf.usermodel.XSSFCell.getStringCellValue(XSSFCell.java:260)
	at com.leads.test.repoImpl.FlightFinderRepoImpl.get(FlightFinderRepoImpl.java:34)
	at com.leads.test.repoImpl.FlightFinderRepoImpl.get(FlightFinderRepoImpl.java:1)
	at com.leads.test.ServiceImplementation.FlightFinderServiceImplementation.checkFlightFind(FlightFinderServiceImplementation.java:29)
	at com.leads.test.web.FlightFinderTest.checkFlightFind(FlightFinderTest.java:29)
... Removed 24 stack frames]]>
    </failure>
  </testcase> <!-- checkFlightFind -->
  <testcase name="checkFlightFinderPageTiltle" time="0.019" classname="com.leads.test.web.FlightFinderTest">
    <failure type="junit.framework.ComparisonFailure" message="expected:&amp;lt;Welcome: Mercury Tours&amp;gt; but was:&amp;lt;Find a Flight: Mercury Tours:&amp;gt;">
      <![CDATA[junit.framework.ComparisonFailure: expected:<Welcome: Mercury Tours> but was:<Find a Flight: Mercury Tours:>
	at junit.framework.Assert.assertEquals(Assert.java:81)
	at junit.framework.Assert.assertEquals(Assert.java:87)
	at com.leads.test.web.FlightFinderTest.checkFlightFinderPageTiltle(FlightFinderTest.java:21)
... Removed 24 stack frames]]>
    </failure>
  </testcase> <!-- checkFlightFinderPageTiltle -->
</testsuite> <!-- test -->
