<?xml version="1.0" encoding="UTF-8"?>
<!-- Generated by org.testng.reporters.JUnitXMLReporter -->
<testsuite hostname="Imran" name="test" tests="5" failures="0" timestamp="4 Dec 2016 09:35:12 GMT" time="22.643" errors="0">
  <testcase name="checkLogin" time="1.016" classname="com.leads.test.web.LoginTest"/>
  <testcase name="checkTitle" time="0.014" classname="com.leads.test.web.LoginTest"/>
  <testcase name="checkFlightFind" time="4.923" classname="com.leads.test.web.FlightFinderTest"/>
  <testcase name="selectflight" time="3.608" classname="com.leads.test.web.SelectFlightTest"/>
  <testcase name="bookAflight" time="7.574" classname="com.leads.test.web.BookFlightTest"/>
</testsuite> <!-- test -->
