<?xml version="1.0" encoding="UTF-8"?>
<!-- Generated by org.testng.reporters.JUnitXMLReporter -->
<testsuite hostname="Imran" name="TestLoginandFlightfind" tests="6" failures="0" timestamp="20 Nov 2016 09:19:44 GMT" time="0.064" errors="0">
  <testcase name="tests" time="0.01" classname="com.leads.test.suite.TestConfig"/>
  <testcase name="testConnectionOMysql" time="0.003" classname="com.leads.test.suite.TestNgGroupTest"/>
  <testcase name="testConnectionOracle" time="0.002" classname="com.leads.test.suite.TestNgGroupTest"/>
  <testcase name="normalTest" time="0.006" classname="com.leads.test.suite.TestNgGroupTest"/>
  <testcase name="normalTest1" time="0.003" classname="com.leads.test.suite.TestNgGroupTest"/>
  <testcase name="finalTest" time="0.008" classname="com.leads.test.suite.TestNgGroupTest"/>
</testsuite> <!-- TestLoginandFlightfind -->
