<?xml version="1.0" encoding="UTF-8"?>
<testng-results skipped="0" failed="0" total="5" passed="5">
  <reporter-output>
  </reporter-output>
  <suite name="Test" duration-ms="9865" started-at="2016-12-04T08:23:05Z" finished-at="2016-12-04T08:23:15Z">
    <groups>
    </groups>
    <test name="test" duration-ms="9865" started-at="2016-12-04T08:23:05Z" finished-at="2016-12-04T08:23:15Z">
      <class name="com.leads.test.web.LoginTest">
        <test-method status="PASS" signature="loadUrl()[pri:0, instance:com.leads.test.web.LoginTest@2accdbb5]" name="loadUrl" is-config="true" duration-ms="2825" started-at="2016-12-04T14:23:05Z" finished-at="2016-12-04T14:23:08Z">
          <reporter-output>
          </reporter-output>
        </test-method> <!-- loadUrl -->
        <test-method status="PASS" signature="checkLogin()[pri:0, instance:com.leads.test.web.LoginTest@2accdbb5]" name="checkLogin" duration-ms="899" started-at="2016-12-04T14:23:08Z" finished-at="2016-12-04T14:23:09Z">
          <reporter-output>
          </reporter-output>
        </test-method> <!-- checkLogin -->
        <test-method status="PASS" signature="checkTitle()[pri:0, instance:com.leads.test.web.LoginTest@2accdbb5]" name="checkTitle" duration-ms="47" started-at="2016-12-04T14:23:09Z" finished-at="2016-12-04T14:23:09Z">
          <reporter-output>
          </reporter-output>
        </test-method> <!-- checkTitle -->
      </class> <!-- com.leads.test.web.LoginTest -->
      <class name="com.leads.test.web.BookFlightTest">
        <test-method status="PASS" signature="bookAflight()[pri:0, instance:com.leads.test.web.BookFlightTest@272ed83b]" name="bookAflight" duration-ms="1316" started-at="2016-12-04T14:23:14Z" finished-at="2016-12-04T14:23:15Z">
          <reporter-output>
          </reporter-output>
        </test-method> <!-- bookAflight -->
        <test-method status="PASS" signature="closeDriver()[pri:0, instance:com.leads.test.web.BookFlightTest@272ed83b]" name="closeDriver" is-config="true" duration-ms="9" started-at="2016-12-04T14:23:15Z" finished-at="2016-12-04T14:23:15Z">
          <reporter-output>
          </reporter-output>
        </test-method> <!-- closeDriver -->
      </class> <!-- com.leads.test.web.BookFlightTest -->
      <class name="com.leads.test.web.FlightFinderTest">
        <test-method status="PASS" signature="checkFlightFind()[pri:0, instance:com.leads.test.web.FlightFinderTest@1e6454ec]" name="checkFlightFind" duration-ms="3786" started-at="2016-12-04T14:23:09Z" finished-at="2016-12-04T14:23:13Z">
          <reporter-output>
          </reporter-output>
        </test-method> <!-- checkFlightFind -->
      </class> <!-- com.leads.test.web.FlightFinderTest -->
      <class name="com.leads.test.web.SelectFlightTest">
        <test-method status="PASS" signature="selectflight()[pri:0, instance:com.leads.test.web.SelectFlightTest@c333c60]" name="selectflight" duration-ms="954" started-at="2016-12-04T14:23:13Z" finished-at="2016-12-04T14:23:14Z">
          <reporter-output>
          </reporter-output>
        </test-method> <!-- selectflight -->
      </class> <!-- com.leads.test.web.SelectFlightTest -->
    </test> <!-- test -->
  </suite> <!-- Test -->
</testng-results>
