<?xml version="1.0" encoding="UTF-8"?>
<testng-results skipped="0" failed="0" total="3" passed="3">
  <reporter-output>
  </reporter-output>
  <suite name="Test" duration-ms="6568" started-at="2016-12-03T10:45:06Z" finished-at="2016-12-03T10:45:13Z">
    <groups>
    </groups>
    <test name="test" duration-ms="6568" started-at="2016-12-03T10:45:06Z" finished-at="2016-12-03T10:45:13Z">
      <class name="com.leads.test.web.LoginTest">
        <test-method status="PASS" signature="loadUrl()[pri:0, instance:com.leads.test.web.LoginTest@51dcb805]" name="loadUrl" is-config="true" duration-ms="2072" started-at="2016-12-03T16:45:06Z" finished-at="2016-12-03T16:45:08Z">
          <reporter-output>
          </reporter-output>
        </test-method> <!-- loadUrl -->
        <test-method status="PASS" signature="checkLogin()[pri:0, instance:com.leads.test.web.LoginTest@51dcb805]" name="checkLogin" duration-ms="576" started-at="2016-12-03T16:45:08Z" finished-at="2016-12-03T16:45:09Z">
          <reporter-output>
          </reporter-output>
        </test-method> <!-- checkLogin -->
        <test-method status="PASS" signature="checkTitle()[pri:0, instance:com.leads.test.web.LoginTest@51dcb805]" name="checkTitle" duration-ms="12" started-at="2016-12-03T16:45:09Z" finished-at="2016-12-03T16:45:09Z">
          <reporter-output>
          </reporter-output>
        </test-method> <!-- checkTitle -->
        <test-method status="PASS" signature="closeDriver()[pri:0, instance:com.leads.test.web.LoginTest@51dcb805]" name="closeDriver" is-config="true" duration-ms="0" started-at="2016-12-03T16:45:09Z" finished-at="2016-12-03T16:45:09Z">
          <reporter-output>
          </reporter-output>
        </test-method> <!-- closeDriver -->
      </class> <!-- com.leads.test.web.LoginTest -->
      <class name="com.leads.test.web.FlightFinderTest">
        <test-method status="PASS" signature="loadUrl()[pri:0, instance:com.leads.test.web.FlightFinderTest@696da30b]" name="loadUrl" is-config="true" duration-ms="0" started-at="2016-12-03T16:45:09Z" finished-at="2016-12-03T16:45:09Z">
          <reporter-output>
          </reporter-output>
        </test-method> <!-- loadUrl -->
        <test-method status="PASS" signature="checkFlightFind()[pri:0, instance:com.leads.test.web.FlightFinderTest@696da30b]" name="checkFlightFind" duration-ms="3879" started-at="2016-12-03T16:45:09Z" finished-at="2016-12-03T16:45:13Z">
          <reporter-output>
          </reporter-output>
        </test-method> <!-- checkFlightFind -->
        <test-method status="PASS" signature="closeDriver()[pri:0, instance:com.leads.test.web.FlightFinderTest@696da30b]" name="closeDriver" is-config="true" duration-ms="5" started-at="2016-12-03T16:45:13Z" finished-at="2016-12-03T16:45:13Z">
          <reporter-output>
          </reporter-output>
        </test-method> <!-- closeDriver -->
      </class> <!-- com.leads.test.web.FlightFinderTest -->
    </test> <!-- test -->
  </suite> <!-- Test -->
</testng-results>
